<?xml version="1.0" encoding="UTF-8"?>
<!-- Generated by org.testng.reporters.JUnitXMLReporter -->
<testsuite ignored="2" hostname="LAPTOP-BDUVLNVT" failures="0" tests="1" name="Default test(failed)" time="0.077" errors="0" timestamp="2023-12-23T21:07:53 IST">
  <testcase classname="failed_xmlStudy.TestCase_101" name="Tc2" time="0.014"/>
  <testcase classname="failed_xmlStudy.TestCase_101" name="Tc3" time="0.0">
    <ignored/>
  </testcase> <!-- Tc3 -->
  <testcase classname="failed_xmlStudy.TestCase_101" name="Tc1" time="0.0">
    <ignored/>
  </testcase> <!-- Tc1 -->
</testsuite> <!-- Default test(failed) -->
