<?xml version="1.0" encoding="UTF-8"?>
<!-- Generated by org.testng.reporters.JUnitXMLReporter -->
<testsuite ignored="0" hostname="LAPTOP-BDUVLNVT" failures="2" tests="8" name="ListenerStudy" time="0.145" errors="0" timestamp="2024-01-03T16:12:30 IST">
  <testcase classname="suiteLevel_Listener.Class1" name="b" time="0.019">
    <failure type="java.lang.AssertionError" message="null">
      <![CDATA[java.lang.AssertionError: null
at suiteLevel_Listener.Class1.b(Class1.java:19)
at java.base/java.util.ArrayList.forEach(ArrayList.java:1511)
... Removed 27 stack frames]]>
    </failure>
  </testcase> <!-- b -->
  <testcase classname="suiteLevel_Listener.Class1" name="d" time="0.003"/>
  <testcase classname="suiteLevel_Listener.Class1" name="a" time="0.003"/>
  <testcase classname="suiteLevel_Listener.Class1" name="c" time="0.001">
    <skipped/>
  </testcase> <!-- c -->
  <testcase classname="suiteLevel_Listener.Class2" name="d" time="0.002"/>
  <testcase classname="suiteLevel_Listener.Class2" name="e" time="0.002">
    <failure type="java.lang.AssertionError" message="null">
      <![CDATA[java.lang.AssertionError: null
at suiteLevel_Listener.Class2.e(Class2.java:21)
at java.base/java.util.ArrayList.forEach(ArrayList.java:1511)
... Removed 27 stack frames]]>
    </failure>
  </testcase> <!-- e -->
  <testcase classname="suiteLevel_Listener.Class2" name="f" time="0.003"/>
  <testcase classname="suiteLevel_Listener.Class2" name="g" time="0.002"/>
</testsuite> <!-- ListenerStudy -->
