<?xml version="1.0" encoding="UTF-8"?>
<testng-results ignored="0" total="1" passed="1" failed="0" skipped="0">
  <reporter-output>
    <line>
      <![CDATA[Opening Browser]]>
    </line>
    <line>
      <![CDATA[clicking on gender button ]]>
    </line>
    <line>
      <![CDATA[clicking on next button ]]>
    </line>
    <line>
      <![CDATA[Handeling age drop down ]]>
    </line>
    <line>
      <![CDATA[Clicking on next button ]]>
    </line>
    <line>
      <![CDATA[Entering pin code ]]>
    </line>
    <line>
      <![CDATA[Entering mobile num ]]>
    </line>
    <line>
      <![CDATA[Clicking on continue button ]]>
    </line>
    <line>
      <![CDATA[Fetching number of results from text ]]>
    </line>
    <line>
      <![CDATA[Fetching number of results from Banners ]]>
    </line>
    <line>
      <![CDATA[TC is passed ]]>
    </line>
    <line>
      <![CDATA[Click on Apply]]>
    </line>
    <line>
      <![CDATA[9and9]]>
    </line>
    <line>
      <![CDATA[Closing browser ]]>
    </line>
  </reporter-output>
  <suite started-at="2024-01-04T13:47:32 IST" name="Default suite" finished-at="2024-01-04T13:48:22 IST" duration-ms="50313">
    <groups>
    </groups>
    <test started-at="2024-01-04T13:47:32 IST" name="Default test" finished-at="2024-01-04T13:48:22 IST" duration-ms="50313">
      <class name="coverFoxUsingTestNg.CF_TC555_Validate_search_results_for_healthcare_policies">
        <test-method is-config="true" signature="launchBrowser()[pri:0, instance:coverFoxUsingTestNg.CF_TC555_Validate_search_results_for_healthcare_policies@34a3d150]" started-at="2024-01-04T13:47:32 IST" name="launchBrowser" finished-at="2024-01-04T13:47:49 IST" duration-ms="16514" status="PASS">
          <reporter-output>
            <line>
              <![CDATA[Opening Browser]]>
            </line>
          </reporter-output>
        </test-method> <!-- launchBrowser -->
        <test-method is-config="true" signature="enterDetails()[pri:0, instance:coverFoxUsingTestNg.CF_TC555_Validate_search_results_for_healthcare_policies@34a3d150]" started-at="2024-01-04T13:47:49 IST" name="enterDetails" finished-at="2024-01-04T13:48:02 IST" duration-ms="13699" status="PASS">
          <reporter-output>
            <line>
              <![CDATA[clicking on gender button ]]>
            </line>
            <line>
              <![CDATA[clicking on next button ]]>
            </line>
            <line>
              <![CDATA[Handeling age drop down ]]>
            </line>
            <line>
              <![CDATA[Clicking on next button ]]>
            </line>
            <line>
              <![CDATA[Entering pin code ]]>
            </line>
            <line>
              <![CDATA[Entering mobile num ]]>
            </line>
            <line>
              <![CDATA[Clicking on continue button ]]>
            </line>
          </reporter-output>
        </test-method> <!-- enterDetails -->
        <test-method signature="validateTestPlansFromTextAndBanners()[pri:0, instance:coverFoxUsingTestNg.CF_TC555_Validate_search_results_for_healthcare_policies@34a3d150]" started-at="2024-01-04T13:48:02 IST" name="validateTestPlansFromTextAndBanners" finished-at="2024-01-04T13:48:19 IST" duration-ms="16642" status="PASS">
          <reporter-output>
            <line>
              <![CDATA[Fetching number of results from text ]]>
            </line>
            <line>
              <![CDATA[Fetching number of results from Banners ]]>
            </line>
            <line>
              <![CDATA[TC is passed ]]>
            </line>
            <line>
              <![CDATA[Click on Apply]]>
            </line>
            <line>
              <![CDATA[9and9]]>
            </line>
          </reporter-output>
        </test-method> <!-- validateTestPlansFromTextAndBanners -->
        <test-method is-config="true" signature="closeBrowser()[pri:0, instance:coverFoxUsingTestNg.CF_TC555_Validate_search_results_for_healthcare_policies@34a3d150]" started-at="2024-01-04T13:48:19 IST" name="closeBrowser" finished-at="2024-01-04T13:48:22 IST" duration-ms="3356" status="PASS">
          <reporter-output>
            <line>
              <![CDATA[Closing browser ]]>
            </line>
          </reporter-output>
        </test-method> <!-- closeBrowser -->
      </class> <!-- coverFoxUsingTestNg.CF_TC555_Validate_search_results_for_healthcare_policies -->
    </test> <!-- Default test -->
  </suite> <!-- Default suite -->
</testng-results>
